Sender: LSF System <lsfadmin@eu-g2-05>
Subject: Job 200773125: <python exp_synthetic/main.py --explainer_name gnnexplainer> in cluster <euler> Exited

Job <python exp_synthetic/main.py --explainer_name gnnexplainer> was submitted from host <eu-login-22> by user <kamara> in cluster <euler> at Mon Jan 17 21:14:32 2022
Job was executed on host(s) <eu-g2-05>, in queue <gpu.4h>, as user <kamara> in cluster <euler> at Mon Jan 17 21:15:02 2022
</cluster/home/kamara> was used as the home directory.
</cluster/home/kamara/Explain> was used as the working directory.
Started at Mon Jan 17 21:15:02 2022
Terminated at Mon Jan 17 21:15:22 2022
Results reported at Mon Jan 17 21:15:22 2022

Your job looked like:

------------------------------------------------------------
# LSBATCH: User input
python exp_synthetic/main.py --explainer_name gnnexplainer
------------------------------------------------------------

Exited with exit code 1.

Resource usage summary:

    CPU time :                                   7.85 sec.
    Max Memory :                                 3641 MB
    Average Memory :                             289.00 MB
    Total Requested Memory :                     6000.00 MB
    Delta Memory :                               2359.00 MB
    Max Swap :                                   -
    Max Processes :                              3
    Max Threads :                                4
    Run time :                                   20 sec.
    Turnaround time :                            50 sec.

The output (if any) follows:

__gnn_train_scores:  {'prec': 0.975210879806468, 'recall': 0.9784965034965035, 'acc': 0.9831932773109243}
__gnn_test_scores:  {'prec': 0.963063063063063, 'recall': 0.9782608695652174, 'acc': 0.9714285714285714}


PS:

Read file <job2.err> for stderr output of this job.

Sender: LSF System <lsfadmin@eu-g2-03>
Subject: Job 200773163: <python exp_synthetic/main.py --explainer_name gnnexplainer> in cluster <euler> Exited

Job <python exp_synthetic/main.py --explainer_name gnnexplainer> was submitted from host <eu-login-22> by user <kamara> in cluster <euler> at Mon Jan 17 21:16:44 2022
Job was executed on host(s) <eu-g2-03>, in queue <gpu.4h>, as user <kamara> in cluster <euler> at Mon Jan 17 21:17:00 2022
</cluster/home/kamara> was used as the home directory.
</cluster/home/kamara/Explain> was used as the working directory.
Started at Mon Jan 17 21:17:00 2022
Terminated at Mon Jan 17 21:17:11 2022
Results reported at Mon Jan 17 21:17:11 2022

Your job looked like:

------------------------------------------------------------
# LSBATCH: User input
python exp_synthetic/main.py --explainer_name gnnexplainer
------------------------------------------------------------

Exited with exit code 1.

Resource usage summary:

    CPU time :                                   7.34 sec.
    Max Memory :                                 2526 MB
    Average Memory :                             137.00 MB
    Total Requested Memory :                     6000.00 MB
    Delta Memory :                               3474.00 MB
    Max Swap :                                   -
    Max Processes :                              3
    Max Threads :                                6
    Run time :                                   14 sec.
    Turnaround time :                            27 sec.

The output (if any) follows:

__gnn_train_scores:  {'prec': 0.975210879806468, 'recall': 0.9784965034965035, 'acc': 0.9831932773109243}
__gnn_test_scores:  {'prec': 0.963063063063063, 'recall': 0.9782608695652174, 'acc': 0.9714285714285714}


PS:

Read file <job2.err> for stderr output of this job.

Sender: LSF System <lsfadmin@eu-g2-03>
Subject: Job 200773186: <python exp_synthetic/main.py --explainer_name gnnexplainer> in cluster <euler> Exited

Job <python exp_synthetic/main.py --explainer_name gnnexplainer> was submitted from host <eu-login-22> by user <kamara> in cluster <euler> at Mon Jan 17 21:18:32 2022
Job was executed on host(s) <eu-g2-03>, in queue <gpu.4h>, as user <kamara> in cluster <euler> at Mon Jan 17 21:19:02 2022
</cluster/home/kamara> was used as the home directory.
</cluster/home/kamara/Explain> was used as the working directory.
Started at Mon Jan 17 21:19:02 2022
Terminated at Mon Jan 17 21:19:13 2022
Results reported at Mon Jan 17 21:19:13 2022

Your job looked like:

------------------------------------------------------------
# LSBATCH: User input
python exp_synthetic/main.py --explainer_name gnnexplainer
------------------------------------------------------------

Exited with exit code 1.

Resource usage summary:

    CPU time :                                   7.29 sec.
    Max Memory :                                 2516 MB
    Average Memory :                             127.00 MB
    Total Requested Memory :                     6000.00 MB
    Delta Memory :                               3484.00 MB
    Max Swap :                                   -
    Max Processes :                              3
    Max Threads :                                5
    Run time :                                   11 sec.
    Turnaround time :                            41 sec.

The output (if any) follows:

__gnn_train_scores:  {'prec': 0.975210879806468, 'recall': 0.9784965034965035, 'acc': 0.9831932773109243}
__gnn_test_scores:  {'prec': 0.963063063063063, 'recall': 0.9782608695652174, 'acc': 0.9714285714285714}
adj.device cuda:0
x.device cuda:0
adj.device cuda:0
x.device cuda:0
adj.device cuda:0
x.device cuda:0
adj.device cuda:0
x.device cpu


PS:

Read file <job2.err> for stderr output of this job.

Sender: LSF System <lsfadmin@eu-g2-14>
Subject: Job 200773178: <python exp_synthetic/main.py --explainer_name gnnexplainer> in cluster <euler> Exited

Job <python exp_synthetic/main.py --explainer_name gnnexplainer> was submitted from host <eu-login-22> by user <kamara> in cluster <euler> at Mon Jan 17 21:18:27 2022
Job was executed on host(s) <eu-g2-14>, in queue <gpu.4h>, as user <kamara> in cluster <euler> at Mon Jan 17 21:19:02 2022
</cluster/home/kamara> was used as the home directory.
</cluster/home/kamara/Explain> was used as the working directory.
Started at Mon Jan 17 21:19:02 2022
Terminated at Mon Jan 17 21:19:23 2022
Results reported at Mon Jan 17 21:19:23 2022

Your job looked like:

------------------------------------------------------------
# LSBATCH: User input
python exp_synthetic/main.py --explainer_name gnnexplainer
------------------------------------------------------------

Exited with exit code 1.

Resource usage summary:

    CPU time :                                   8.25 sec.
    Max Memory :                                 3643 MB
    Average Memory :                             293.00 MB
    Total Requested Memory :                     6000.00 MB
    Delta Memory :                               2357.00 MB
    Max Swap :                                   -
    Max Processes :                              3
    Max Threads :                                4
    Run time :                                   20 sec.
    Turnaround time :                            56 sec.

The output (if any) follows:

__gnn_train_scores:  {'prec': 0.975210879806468, 'recall': 0.9784965034965035, 'acc': 0.9831932773109243}
__gnn_test_scores:  {'prec': 0.963063063063063, 'recall': 0.9782608695652174, 'acc': 0.9714285714285714}
adj.device cuda:0
x.device cuda:0
adj.device cuda:0
x.device cuda:0
adj.device cuda:0
x.device cuda:0
adj.device cuda:0
x.device cpu


PS:

Read file <job2.err> for stderr output of this job.

