Git hash:
551da7a07912de01ba50dda5d76c2a3b89d1a5f7
/cluster/apps/nss/gcc-6.3.0/python/3.7.4/x86_64/bin/python
---Beginning program ---
__gnn_train_scores:  {'prec': 0.7608695652173914, 'recall': 0.7426887628500531, 'acc': 0.8592436974789915}
__gnn_test_scores:  {'prec': 0.7528778778778779, 'recall': 0.7406832298136646, 'acc': 0.8714285714285714}
mask has nan:  False
max(edge_masks) 1.0
min(edge_masks) 0.0
__infos:{"dataset": "syn1", "explainer": "subgraphx", "number_of_edges": 4110, "mask_sparsity_init": 0.9473187347931877, "non_zero_values_init": 11.02, "threshold": -1, "num_test_nodes": 100, "groundtruth target": true, "time": 0.9609}
transformation done
true_edge_mask non zeros [1 1 1 1 1 1 1 1 1 1 1 1]
true_edge_mask non zeros [1 1 1 1 1 1 1 1 1 1 1 1]
true_edge_mask non zeros [1 1 1 1 1 1 1 1 1 1 1 1]
true_edge_mask non zeros [1 1 1 1 1 1 1 1 1 1 1 1]
true_edge_mask non zeros [1 1 1 1 1 1 1 1 1 1 1 1]
true_edge_mask non zeros [1 1 1 1 1 1 1 1 1 1 1 1]
true_edge_mask non zeros [1 1 1 1 1 1 1 1 1 1 1 1]
true_edge_mask non zeros [1 1 1 1 1 1 1 1 1 1 1 1]
true_edge_mask non zeros [1 1 1 1 1 1 1 1 1 1 1 1]
true_edge_mask non zeros [1 1 1 1 1 1 1 1 1 1 1 1]
true_edge_mask non zeros [1 1 1 1 1 1 1 1 1 1 1 1]
true_edge_mask non zeros [1 1 1 1 1 1 1 1 1 1 1 1]
true_edge_mask non zeros [1 1 1 1 1 1 1 1 1 1 1 1]
true_edge_mask non zeros [1 1 1 1 1 1 1 1 1 1 1 1]
true_edge_mask non zeros [1 1 1 1 1 1 1 1 1 1 1 1]
true_edge_mask non zeros [1 1 1 1 1 1 1 1 1 1 1 1]
true_edge_mask non zeros [1 1 1 1 1 1 1 1 1 1 1 1]
true_edge_mask non zeros [1 1 1 1 1 1 1 1 1 1 1 1]
true_edge_mask non zeros [1 1 1 1 1 1 1 1 1 1 1 1]
true_edge_mask non zeros [1 1 1 1 1 1 1 1 1 1 1 1]
true_edge_mask non zeros [1 1 1 1 1 1 1 1 1 1 1 1]
true_edge_mask non zeros [1 1 1 1 1 1 1 1 1 1 1 1]
true_edge_mask non zeros [1 1 1 1 1 1 1 1 1 1 1 1]
true_edge_mask non zeros [1 1 1 1 1 1 1 1 1 1 1 1]
true_edge_mask non zeros [1 1 1 1 1 1 1 1 1 1 1 1]
true_edge_mask non zeros [1 1 1 1 1 1 1 1 1 1 1 1]
true_edge_mask non zeros [1 1 1 1 1 1 1 1 1 1 1 1]
true_edge_mask non zeros [1 1 1 1 1 1 1 1 1 1 1 1]
true_edge_mask non zeros [1 1 1 1 1 1 1 1 1 1 1 1]
true_edge_mask non zeros [1 1 1 1 1 1 1 1 1 1 1 1]
true_edge_mask non zeros [1 1 1 1 1 1 1 1 1 1 1 1]
true_edge_mask non zeros [1 1 1 1 1 1 1 1 1 1 1 1]
true_edge_mask non zeros [1 1 1 1 1 1 1 1 1 1 1 1]
true_edge_mask non zeros [1 1 1 1 1 1 1 1 1 1 1 1]
true_edge_mask non zeros [1 1 1 1 1 1 1 1 1 1 1 1]
true_edge_mask non zeros [1 1 1 1 1 1 1 1 1 1 1 1]
true_edge_mask non zeros [1 1 1 1 1 1 1 1 1 1 1 1]
true_edge_mask non zeros [1 1 1 1 1 1 1 1 1 1 1 1]
true_edge_mask non zeros [1 1 1 1 1 1 1 1 1 1 1 1]
true_edge_mask non zeros [1 1 1 1 1 1 1 1 1 1 1 1]
true_edge_mask non zeros [1 1 1 1 1 1 1 1 1 1 1 1]
true_edge_mask non zeros [1 1 1 1 1 1 1 1 1 1 1 1]
true_edge_mask non zeros [1 1 1 1 1 1 1 1 1 1 1 1]
true_edge_mask non zeros [1 1 1 1 1 1 1 1 1 1 1 1]
true_edge_mask non zeros [1 1 1 1 1 1 1 1 1 1 1 1]
true_edge_mask non zeros [1 1 1 1 1 1 1 1 1 1 1 1]
true_edge_mask non zeros [1 1 1 1 1 1 1 1 1 1 1 1]
true_edge_mask non zeros [1 1 1 1 1 1 1 1 1 1 1 1]
true_edge_mask non zeros [1 1 1 1 1 1 1 1 1 1 1 1]
true_edge_mask non zeros [1 1 1 1 1 1 1 1 1 1 1 1]
true_edge_mask non zeros [1 1 1 1 1 1 1 1 1 1 1 1]
true_edge_mask non zeros [1 1 1 1 1 1 1 1 1 1 1 1]
true_edge_mask non zeros [1 1 1 1 1 1 1 1 1 1 1 1]
true_edge_mask non zeros [1 1 1 1 1 1 1 1 1 1 1 1]
true_edge_mask non zeros [1 1 1 1 1 1 1 1 1 1 1 1]
true_edge_mask non zeros [1 1 1 1 1 1 1 1 1 1 1 1]
true_edge_mask non zeros [1 1 1 1 1 1 1 1 1 1 1 1]
true_edge_mask non zeros [1 1 1 1 1 1 1 1 1 1 1 1]
true_edge_mask non zeros [1 1 1 1 1 1 1 1 1 1 1 1]
true_edge_mask non zeros [1 1 1 1 1 1 1 1 1 1 1 1]
true_edge_mask non zeros [1 1 1 1 1 1 1 1 1 1 1 1]
true_edge_mask non zeros [1 1 1 1 1 1 1 1 1 1 1 1]
true_edge_mask non zeros [1 1 1 1 1 1 1 1 1 1 1 1]
true_edge_mask non zeros [1 1 1 1 1 1 1 1 1 1 1 1]
true_edge_mask non zeros [1 1 1 1 1 1 1 1 1 1 1 1]
true_edge_mask non zeros [1 1 1 1 1 1 1 1 1 1 1 1]
true_edge_mask non zeros [1 1 1 1 1 1 1 1 1 1 1 1]
true_edge_mask non zeros [1 1 1 1 1 1 1 1 1 1 1 1]
true_edge_mask non zeros [1 1 1 1 1 1 1 1 1 1 1 1]
true_edge_mask non zeros [1 1 1 1 1 1 1 1 1 1 1 1]
true_edge_mask non zeros [1 1 1 1 1 1 1 1 1 1 1 1]
true_edge_mask non zeros [1 1 1 1 1 1 1 1 1 1 1 1]
true_edge_mask non zeros [1 1 1 1 1 1 1 1 1 1 1 1]
true_edge_mask non zeros [1 1 1 1 1 1 1 1 1 1 1 1]
true_edge_mask non zeros [1 1 1 1 1 1 1 1 1 1 1 1]
true_edge_mask non zeros [1 1 1 1 1 1 1 1 1 1 1 1]
true_edge_mask non zeros [1 1 1 1 1 1 1 1 1 1 1 1]
true_edge_mask non zeros [1 1 1 1 1 1 1 1 1 1 1 1]
true_edge_mask non zeros [1 1 1 1 1 1 1 1 1 1 1 1]
true_edge_mask non zeros [1 1 1 1 1 1 1 1 1 1 1 1]
true_edge_mask non zeros [1 1 1 1 1 1 1 1 1 1 1 1]
true_edge_mask non zeros [1 1 1 1 1 1 1 1 1 1 1 1]
true_edge_mask non zeros [1 1 1 1 1 1 1 1 1 1 1 1]
true_edge_mask non zeros [1 1 1 1 1 1 1 1 1 1 1 1]
true_edge_mask non zeros [1 1 1 1 1 1 1 1 1 1 1 1]
true_edge_mask non zeros [1 1 1 1 1 1 1 1 1 1 1 1]
true_edge_mask non zeros [1 1 1 1 1 1 1 1 1 1 1 1]
true_edge_mask non zeros [1 1 1 1 1 1 1 1 1 1 1 1]
true_edge_mask non zeros [1 1 1 1 1 1 1 1 1 1 1 1]
true_edge_mask non zeros [1 1 1 1 1 1 1 1 1 1 1 1]
true_edge_mask non zeros [1 1 1 1 1 1 1 1 1 1 1 1]
true_edge_mask non zeros [1 1 1 1 1 1 1 1 1 1 1 1]
true_edge_mask non zeros [1 1 1 1 1 1 1 1 1 1 1 1]
true_edge_mask non zeros [1 1 1 1 1 1 1 1 1 1 1 1]
true_edge_mask non zeros [1 1 1 1 1 1 1 1 1 1 1 1]
true_edge_mask non zeros [1 1 1 1 1 1 1 1 1 1 1 1]
true_edge_mask non zeros [1 1 1 1 1 1 1 1 1 1 1 1]
true_edge_mask non zeros [1 1 1 1 1 1 1 1 1 1 1 1]
true_edge_mask non zeros [1 1 1 1 1 1 1 1 1 1 1 1]
true_edge_mask non zeros [1 1 1 1 1 1 1 1 1 1 1 1]
__accuracy:{"recall": 0.8, "precision": 0.8193571428571428, "f1_score": 0.8003722943722944, "ged": -1.0, "auc": -1.0}
__pred:{"ori_probs": 0.7616005539894104, "unimportant_probs": 0.3580915927886963, "important_probs": 0.6805555820465088}
__fidelity:{"fidelity_acc+": 0.45, "fidelity_acc-": 0.18, "fidelity_prob+": 0.40350884199142456, "fidelity_prob-": 0.08104502409696579, "mask_sparsity": 0.9473185539245605, "expl_edges": 216.52}
JOB_FINISHED
