/cluster/apps/nss/gcc-6.3.0/python/3.7.4/x86_64/lib64/python3.7/site-packages/statsmodels/tools/_testing.py:19: FutureWarning: pandas.util.testing is deprecated. Use the functions in the public API at pandas.testing instead.
  import pandas.util.testing as tm
/cluster/home/kamara/.local/lib/python3.7/site-packages/torch_geometric/deprecation.py:13: UserWarning: 'data.DataLoader' is deprecated, use 'loader.DataLoader' instead
  warnings.warn(out)
/cluster/home/kamara/Explain/exp_synthetic/evaluate.py:28: RuntimeWarning: invalid value encountered in true_divide
  return (x - np.nanmin(x)) / (np.nanmax(x) - np.nanmin(x))
Traceback (most recent call last):
  File "exp_synthetic/main.py", line 236, in <module>
    main(args)
  File "exp_synthetic/main.py", line 197, in main
    accuracy = eval_accuracy(data, edge_masks, list_test_nodes, args, top=False)
  File "/cluster/home/kamara/Explain/exp_synthetic/evaluate.py", line 154, in eval_accuracy
    entry = get_accuracy(data, edge_mask, node_idx, args, **kwargs)
  File "/cluster/home/kamara/Explain/exp_synthetic/evaluate.py", line 142, in get_accuracy
    fpr, tpr, thresholds = metrics.roc_curve(true_edge_mask, edge_mask, pos_label=1)
  File "/cluster/apps/nss/gcc-6.3.0/python/3.7.4/x86_64/lib64/python3.7/site-packages/sklearn/utils/validation.py", line 72, in inner_f
    return f(**kwargs)
  File "/cluster/apps/nss/gcc-6.3.0/python/3.7.4/x86_64/lib64/python3.7/site-packages/sklearn/metrics/_ranking.py", line 776, in roc_curve
    y_true, y_score, pos_label=pos_label, sample_weight=sample_weight)
  File "/cluster/apps/nss/gcc-6.3.0/python/3.7.4/x86_64/lib64/python3.7/site-packages/sklearn/metrics/_ranking.py", line 545, in _binary_clf_curve
    assert_all_finite(y_score)
  File "/cluster/apps/nss/gcc-6.3.0/python/3.7.4/x86_64/lib64/python3.7/site-packages/sklearn/utils/validation.py", line 72, in inner_f
    return f(**kwargs)
  File "/cluster/apps/nss/gcc-6.3.0/python/3.7.4/x86_64/lib64/python3.7/site-packages/sklearn/utils/validation.py", line 117, in assert_all_finite
    _assert_all_finite(X.data if sp.issparse(X) else X, allow_nan)
  File "/cluster/apps/nss/gcc-6.3.0/python/3.7.4/x86_64/lib64/python3.7/site-packages/sklearn/utils/validation.py", line 99, in _assert_all_finite
    msg_dtype if msg_dtype is not None else X.dtype)
ValueError: Input contains NaN, infinity or a value too large for dtype('float32').
