Git hash:
551da7a07912de01ba50dda5d76c2a3b89d1a5f7
/cluster/apps/nss/gcc-6.3.0/python/3.7.4/x86_64/bin/python
---Beginning program ---
__gnn_train_scores:  {'prec': 0.9906542056074766, 'recall': 0.990909090909091, 'acc': 0.9915966386554622}
__gnn_test_scores:  {'prec': 0.9868421052631579, 'recall': 0.9857142857142858, 'acc': 0.9857142857142858}
mask has nan:  False
max(edge_masks) 1.0
min(edge_masks) 0.0
__infos:{"dataset": "syn6", "explainer": "subgraphx", "number_of_edges": 3948, "mask_sparsity_init": 0.9877355623100315, "non_zero_values_init": 8.94, "threshold": -1, "num_test_nodes": 100, "groundtruth target": true, "time": 3.3019}
transformation done
true_edge_mask non zeros [1 1 1 1 1 1 1 1 1 1]
true_edge_mask non zeros [1 1 1 1 1 1 1 1 1 1]
true_edge_mask non zeros [1 1 1 1 1 1 1 1 1 1]
true_edge_mask non zeros [1 1 1 1 1 1 1 1 1 1]
true_edge_mask non zeros [1 1 1 1 1 1 1 1 1 1]
true_edge_mask non zeros [1 1 1 1 1 1 1 1 1 1]
true_edge_mask non zeros [1 1 1 1 1 1 1 1 1 1]
true_edge_mask non zeros [1 1 1 1 1 1 1 1 1 1]
true_edge_mask non zeros [1 1 1 1 1 1 1 1 1 1]
true_edge_mask non zeros [1 1 1 1 1 1 1 1 1 1]
true_edge_mask non zeros [1 1 1 1 1 1 1 1 1 1]
true_edge_mask non zeros [1 1 1 1 1 1 1 1 1 1]
true_edge_mask non zeros [1 1 1 1 1 1 1 1 1 1]
true_edge_mask non zeros [1 1 1 1 1 1 1 1 1 1]
true_edge_mask non zeros [1 1 1 1 1 1 1 1 1 1]
true_edge_mask non zeros [1 1 1 1 1 1 1 1 1 1]
true_edge_mask non zeros [1 1 1 1 1 1 1 1 1 1]
true_edge_mask non zeros [1 1 1 1 1 1 1 1 1 1]
true_edge_mask non zeros [1 1 1 1 1 1 1 1 1 1]
true_edge_mask non zeros [1 1 1 1 1 1 1 1 1 1]
true_edge_mask non zeros [1 1 1 1 1 1 1 1 1 1]
true_edge_mask non zeros [1 1 1 1 1 1 1 1 1 1]
true_edge_mask non zeros [1 1 1 1 1 1 1 1 1 1]
true_edge_mask non zeros [1 1 1 1 1 1 1 1 1 1]
true_edge_mask non zeros [1 1 1 1 1 1 1 1 1 1]
true_edge_mask non zeros [1 1 1 1 1 1 1 1 1 1]
true_edge_mask non zeros [1 1 1 1 1 1 1 1 1 1]
true_edge_mask non zeros [1 1 1 1 1 1 1 1 1 1]
true_edge_mask non zeros [1 1 1 1 1 1 1 1 1 1]
true_edge_mask non zeros [1 1 1 1 1 1 1 1 1 1]
true_edge_mask non zeros [1 1 1 1 1 1 1 1 1 1]
true_edge_mask non zeros [1 1 1 1 1 1 1 1 1 1]
true_edge_mask non zeros [1 1 1 1 1 1 1 1 1 1]
true_edge_mask non zeros [1 1 1 1 1 1 1 1 1 1]
true_edge_mask non zeros [1 1 1 1 1 1 1 1 1 1]
true_edge_mask non zeros [1 1 1 1 1 1 1 1 1 1]
true_edge_mask non zeros [1 1 1 1 1 1 1 1 1 1]
true_edge_mask non zeros [1 1 1 1 1 1 1 1 1 1]
true_edge_mask non zeros [1 1 1 1 1 1 1 1 1 1]
true_edge_mask non zeros [1 1 1 1 1 1 1 1 1 1]
true_edge_mask non zeros [1 1 1 1 1 1 1 1 1 1]
true_edge_mask non zeros [1 1 1 1 1 1 1 1 1 1]
true_edge_mask non zeros [1 1 1 1 1 1 1 1 1 1]
true_edge_mask non zeros [1 1 1 1 1 1 1 1 1 1]
true_edge_mask non zeros [1 1 1 1 1 1 1 1 1 1]
true_edge_mask non zeros [1 1 1 1 1 1 1 1 1 1]
true_edge_mask non zeros [1 1 1 1 1 1 1 1 1 1]
true_edge_mask non zeros [1 1 1 1 1 1 1 1 1 1]
true_edge_mask non zeros [1 1 1 1 1 1 1 1 1 1]
true_edge_mask non zeros [1 1 1 1 1 1 1 1 1 1]
true_edge_mask non zeros [1 1 1 1 1 1 1 1 1 1]
true_edge_mask non zeros [1 1 1 1 1 1 1 1 1 1]
true_edge_mask non zeros [1 1 1 1 1 1 1 1 1 1]
true_edge_mask non zeros [1 1 1 1 1 1 1 1 1 1]
true_edge_mask non zeros [1 1 1 1 1 1 1 1 1 1]
true_edge_mask non zeros [1 1 1 1 1 1 1 1 1 1]
true_edge_mask non zeros [1 1 1 1 1 1 1 1 1 1]
true_edge_mask non zeros [1 1 1 1 1 1 1 1 1 1]
true_edge_mask non zeros [1 1 1 1 1 1 1 1 1 1]
true_edge_mask non zeros [1 1 1 1 1 1 1 1 1 1]
true_edge_mask non zeros [1 1 1 1 1 1 1 1 1 1]
true_edge_mask non zeros [1 1 1 1 1 1 1 1 1 1]
true_edge_mask non zeros [1 1 1 1 1 1 1 1 1 1]
true_edge_mask non zeros [1 1 1 1 1 1 1 1 1 1]
true_edge_mask non zeros [1 1 1 1 1 1 1 1 1 1]
true_edge_mask non zeros [1 1 1 1 1 1 1 1 1 1]
true_edge_mask non zeros [1 1 1 1 1 1 1 1 1 1]
true_edge_mask non zeros [1 1 1 1 1 1 1 1 1 1]
true_edge_mask non zeros [1 1 1 1 1 1 1 1 1 1]
true_edge_mask non zeros [1 1 1 1 1 1 1 1 1 1]
true_edge_mask non zeros [1 1 1 1 1 1 1 1 1 1]
true_edge_mask non zeros [1 1 1 1 1 1 1 1 1 1]
true_edge_mask non zeros [1 1 1 1 1 1 1 1 1 1]
true_edge_mask non zeros [1 1 1 1 1 1 1 1 1 1]
true_edge_mask non zeros [1 1 1 1 1 1 1 1 1 1]
true_edge_mask non zeros [1 1 1 1 1 1 1 1 1 1]
true_edge_mask non zeros [1 1 1 1 1 1 1 1 1 1]
true_edge_mask non zeros [1 1 1 1 1 1 1 1 1 1]
true_edge_mask non zeros [1 1 1 1 1 1 1 1 1 1]
true_edge_mask non zeros [1 1 1 1 1 1 1 1 1 1]
true_edge_mask non zeros [1 1 1 1 1 1 1 1 1 1]
true_edge_mask non zeros [1 1 1 1 1 1 1 1 1 1]
true_edge_mask non zeros [1 1 1 1 1 1 1 1 1 1]
true_edge_mask non zeros [1 1 1 1 1 1 1 1 1 1]
true_edge_mask non zeros [1 1 1 1 1 1 1 1 1 1]
true_edge_mask non zeros [1 1 1 1 1 1 1 1 1 1]
true_edge_mask non zeros [1 1 1 1 1 1 1 1 1 1]
true_edge_mask non zeros [1 1 1 1 1 1 1 1 1 1]
true_edge_mask non zeros [1 1 1 1 1 1 1 1 1 1]
true_edge_mask non zeros [1 1 1 1 1 1 1 1 1 1]
true_edge_mask non zeros [1 1 1 1 1 1 1 1 1 1]
true_edge_mask non zeros [1 1 1 1 1 1 1 1 1 1]
true_edge_mask non zeros [1 1 1 1 1 1 1 1 1 1]
true_edge_mask non zeros [1 1 1 1 1 1 1 1 1 1]
true_edge_mask non zeros [1 1 1 1 1 1 1 1 1 1]
true_edge_mask non zeros [1 1 1 1 1 1 1 1 1 1]
true_edge_mask non zeros [1 1 1 1 1 1 1 1 1 1]
true_edge_mask non zeros [1 1 1 1 1 1 1 1 1 1]
true_edge_mask non zeros [1 1 1 1 1 1 1 1 1 1]
true_edge_mask non zeros [1 1 1 1 1 1 1 1 1 1]
__accuracy:{"recall": 0.7339999999999999, "precision": 0.8089999999999999, "f1_score": 0.7645555555555553, "ged": -1.0, "auc": -1.0}
__pred:{"ori_probs": 0.9494659900665283, "unimportant_probs": 0.3692893087863922, "important_probs": 0.9144875407218933}
__fidelity:{"fidelity_acc+": 0.63, "fidelity_acc-": 0.03, "fidelity_prob+": 0.5801767110824585, "fidelity_prob-": 0.03497853875160217, "mask_sparsity": 0.9976848363876343, "expl_edges": 9.14}
JOB_FINISHED
