Git hash:
551da7a07912de01ba50dda5d76c2a3b89d1a5f7
/cluster/apps/nss/gcc-6.3.0/python/3.7.4/x86_64/bin/python
---Beginning program ---
__gnn_train_scores:  {'prec': 0.7608695652173914, 'recall': 0.7426887628500531, 'acc': 0.8592436974789915}
__gnn_test_scores:  {'prec': 0.7528778778778779, 'recall': 0.7406832298136646, 'acc': 0.8714285714285714}
mask has nan:  False
max(edge_masks) 1.0
min(edge_masks) 0.0
__infos:{"dataset": "syn1", "explainer": "subgraphx", "number_of_edges": 4110, "mask_sparsity_init": 0.9472700729927009, "non_zero_values_init": 11.22, "threshold": -1, "num_test_nodes": 100, "groundtruth target": true, "time": 1.279}
transformation done
true_edge_mask non zeros [1 1 1 1 1 1 1 1 1 1 1 1]
true_edge_mask non zeros [1 1 1 1 1 1 1 1 1 1 1 1]
true_edge_mask non zeros [1 1 1 1 1 1 1 1 1 1 1 1]
true_edge_mask non zeros [1 1 1 1 1 1 1 1 1 1 1 1]
true_edge_mask non zeros [1 1 1 1 1 1 1 1 1 1 1 1]
true_edge_mask non zeros [1 1 1 1 1 1 1 1 1 1 1 1]
true_edge_mask non zeros [1 1 1 1 1 1 1 1 1 1 1 1]
true_edge_mask non zeros [1 1 1 1 1 1 1 1 1 1 1 1]
true_edge_mask non zeros [1 1 1 1 1 1 1 1 1 1 1 1]
true_edge_mask non zeros [1 1 1 1 1 1 1 1 1 1 1 1]
true_edge_mask non zeros [1 1 1 1 1 1 1 1 1 1 1 1]
true_edge_mask non zeros [1 1 1 1 1 1 1 1 1 1 1 1]
true_edge_mask non zeros [1 1 1 1 1 1 1 1 1 1 1 1]
true_edge_mask non zeros [1 1 1 1 1 1 1 1 1 1 1 1]
true_edge_mask non zeros [1 1 1 1 1 1 1 1 1 1 1 1]
true_edge_mask non zeros [1 1 1 1 1 1 1 1 1 1 1 1]
true_edge_mask non zeros [1 1 1 1 1 1 1 1 1 1 1 1]
true_edge_mask non zeros [1 1 1 1 1 1 1 1 1 1 1 1]
true_edge_mask non zeros [1 1 1 1 1 1 1 1 1 1 1 1]
true_edge_mask non zeros [1 1 1 1 1 1 1 1 1 1 1 1]
true_edge_mask non zeros [1 1 1 1 1 1 1 1 1 1 1 1]
true_edge_mask non zeros [1 1 1 1 1 1 1 1 1 1 1 1]
true_edge_mask non zeros [1 1 1 1 1 1 1 1 1 1 1 1]
true_edge_mask non zeros [1 1 1 1 1 1 1 1 1 1 1 1]
true_edge_mask non zeros [1 1 1 1 1 1 1 1 1 1 1 1]
true_edge_mask non zeros [1 1 1 1 1 1 1 1 1 1 1 1]
true_edge_mask non zeros [1 1 1 1 1 1 1 1 1 1 1 1]
true_edge_mask non zeros [1 1 1 1 1 1 1 1 1 1 1 1]
true_edge_mask non zeros [1 1 1 1 1 1 1 1 1 1 1 1]
true_edge_mask non zeros [1 1 1 1 1 1 1 1 1 1 1 1]
true_edge_mask non zeros [1 1 1 1 1 1 1 1 1 1 1 1]
true_edge_mask non zeros [1 1 1 1 1 1 1 1 1 1 1 1]
true_edge_mask non zeros [1 1 1 1 1 1 1 1 1 1 1 1]
true_edge_mask non zeros [1 1 1 1 1 1 1 1 1 1 1 1]
true_edge_mask non zeros [1 1 1 1 1 1 1 1 1 1 1 1]
true_edge_mask non zeros [1 1 1 1 1 1 1 1 1 1 1 1]
true_edge_mask non zeros [1 1 1 1 1 1 1 1 1 1 1 1]
true_edge_mask non zeros [1 1 1 1 1 1 1 1 1 1 1 1]
true_edge_mask non zeros [1 1 1 1 1 1 1 1 1 1 1 1]
true_edge_mask non zeros [1 1 1 1 1 1 1 1 1 1 1 1]
true_edge_mask non zeros [1 1 1 1 1 1 1 1 1 1 1 1]
true_edge_mask non zeros [1 1 1 1 1 1 1 1 1 1 1 1]
true_edge_mask non zeros [1 1 1 1 1 1 1 1 1 1 1 1]
true_edge_mask non zeros [1 1 1 1 1 1 1 1 1 1 1 1]
true_edge_mask non zeros [1 1 1 1 1 1 1 1 1 1 1 1]
true_edge_mask non zeros [1 1 1 1 1 1 1 1 1 1 1 1]
true_edge_mask non zeros [1 1 1 1 1 1 1 1 1 1 1 1]
true_edge_mask non zeros [1 1 1 1 1 1 1 1 1 1 1 1]
true_edge_mask non zeros [1 1 1 1 1 1 1 1 1 1 1 1]
true_edge_mask non zeros [1 1 1 1 1 1 1 1 1 1 1 1]
true_edge_mask non zeros [1 1 1 1 1 1 1 1 1 1 1 1]
true_edge_mask non zeros [1 1 1 1 1 1 1 1 1 1 1 1]
true_edge_mask non zeros [1 1 1 1 1 1 1 1 1 1 1 1]
true_edge_mask non zeros [1 1 1 1 1 1 1 1 1 1 1 1]
true_edge_mask non zeros [1 1 1 1 1 1 1 1 1 1 1 1]
true_edge_mask non zeros [1 1 1 1 1 1 1 1 1 1 1 1]
true_edge_mask non zeros [1 1 1 1 1 1 1 1 1 1 1 1]
true_edge_mask non zeros [1 1 1 1 1 1 1 1 1 1 1 1]
true_edge_mask non zeros [1 1 1 1 1 1 1 1 1 1 1 1]
true_edge_mask non zeros [1 1 1 1 1 1 1 1 1 1 1 1]
true_edge_mask non zeros [1 1 1 1 1 1 1 1 1 1 1 1]
true_edge_mask non zeros [1 1 1 1 1 1 1 1 1 1 1 1]
true_edge_mask non zeros [1 1 1 1 1 1 1 1 1 1 1 1]
true_edge_mask non zeros [1 1 1 1 1 1 1 1 1 1 1 1]
true_edge_mask non zeros [1 1 1 1 1 1 1 1 1 1 1 1]
true_edge_mask non zeros [1 1 1 1 1 1 1 1 1 1 1 1]
true_edge_mask non zeros [1 1 1 1 1 1 1 1 1 1 1 1]
true_edge_mask non zeros [1 1 1 1 1 1 1 1 1 1 1 1]
true_edge_mask non zeros [1 1 1 1 1 1 1 1 1 1 1 1]
true_edge_mask non zeros [1 1 1 1 1 1 1 1 1 1 1 1]
true_edge_mask non zeros [1 1 1 1 1 1 1 1 1 1 1 1]
true_edge_mask non zeros [1 1 1 1 1 1 1 1 1 1 1 1]
true_edge_mask non zeros [1 1 1 1 1 1 1 1 1 1 1 1]
true_edge_mask non zeros [1 1 1 1 1 1 1 1 1 1 1 1]
true_edge_mask non zeros [1 1 1 1 1 1 1 1 1 1 1 1]
true_edge_mask non zeros [1 1 1 1 1 1 1 1 1 1 1 1]
true_edge_mask non zeros [1 1 1 1 1 1 1 1 1 1 1 1]
true_edge_mask non zeros [1 1 1 1 1 1 1 1 1 1 1 1]
true_edge_mask non zeros [1 1 1 1 1 1 1 1 1 1 1 1]
true_edge_mask non zeros [1 1 1 1 1 1 1 1 1 1 1 1]
true_edge_mask non zeros [1 1 1 1 1 1 1 1 1 1 1 1]
true_edge_mask non zeros [1 1 1 1 1 1 1 1 1 1 1 1]
true_edge_mask non zeros [1 1 1 1 1 1 1 1 1 1 1 1]
true_edge_mask non zeros [1 1 1 1 1 1 1 1 1 1 1 1]
true_edge_mask non zeros [1 1 1 1 1 1 1 1 1 1 1 1]
true_edge_mask non zeros [1 1 1 1 1 1 1 1 1 1 1 1]
true_edge_mask non zeros [1 1 1 1 1 1 1 1 1 1 1 1]
true_edge_mask non zeros [1 1 1 1 1 1 1 1 1 1 1 1]
true_edge_mask non zeros [1 1 1 1 1 1 1 1 1 1 1 1]
true_edge_mask non zeros [1 1 1 1 1 1 1 1 1 1 1 1]
true_edge_mask non zeros [1 1 1 1 1 1 1 1 1 1 1 1]
true_edge_mask non zeros [1 1 1 1 1 1 1 1 1 1 1 1]
true_edge_mask non zeros [1 1 1 1 1 1 1 1 1 1 1 1]
true_edge_mask non zeros [1 1 1 1 1 1 1 1 1 1 1 1]
true_edge_mask non zeros [1 1 1 1 1 1 1 1 1 1 1 1]
true_edge_mask non zeros [1 1 1 1 1 1 1 1 1 1 1 1]
true_edge_mask non zeros [1 1 1 1 1 1 1 1 1 1 1 1]
true_edge_mask non zeros [1 1 1 1 1 1 1 1 1 1 1 1]
true_edge_mask non zeros [1 1 1 1 1 1 1 1 1 1 1 1]
true_edge_mask non zeros [1 1 1 1 1 1 1 1 1 1 1 1]
__accuracy:{"recall": 0.8016666666666667, "precision": 0.8059523809523809, "f1_score": 0.7986480186480186, "ged": -1.0, "auc": -1.0}
__pred:{"ori_probs": 0.7616005539894104, "unimportant_probs": 0.35586386919021606, "important_probs": 0.6801915764808655}
__fidelity:{"fidelity_acc+": 0.45, "fidelity_acc-": 0.18, "fidelity_prob+": 0.40573662519454956, "fidelity_prob-": 0.0814090445637703, "mask_sparsity": 0.9911872744560242, "expl_edges": 36.22}
JOB_FINISHED
