Git hash:
551da7a07912de01ba50dda5d76c2a3b89d1a5f7
/cluster/apps/nss/gcc-6.3.0/python/3.7.4/x86_64/bin/python
---Beginning program ---
__gnn_train_scores:  {'prec': 0.9906542056074766, 'recall': 0.990909090909091, 'acc': 0.9915966386554622}
__gnn_test_scores:  {'prec': 0.9868421052631579, 'recall': 0.9857142857142858, 'acc': 0.9857142857142858}
mask has nan:  False
max(edge_masks) 1.0
min(edge_masks) 0.0
__infos:{"dataset": "syn6", "explainer": "subgraphx", "number_of_edges": 3948, "mask_sparsity_init": 0.9877203647416423, "non_zero_values_init": 9.0, "threshold": -1, "num_test_nodes": 100, "groundtruth target": true, "time": 4.265}
transformation done
true_edge_mask non zeros [1 1 1 1 1 1 1 1 1 1]
true_edge_mask non zeros [1 1 1 1 1 1 1 1 1 1]
true_edge_mask non zeros [1 1 1 1 1 1 1 1 1 1]
true_edge_mask non zeros [1 1 1 1 1 1 1 1 1 1]
true_edge_mask non zeros [1 1 1 1 1 1 1 1 1 1]
true_edge_mask non zeros [1 1 1 1 1 1 1 1 1 1]
true_edge_mask non zeros [1 1 1 1 1 1 1 1 1 1]
true_edge_mask non zeros [1 1 1 1 1 1 1 1 1 1]
true_edge_mask non zeros [1 1 1 1 1 1 1 1 1 1]
true_edge_mask non zeros [1 1 1 1 1 1 1 1 1 1]
true_edge_mask non zeros [1 1 1 1 1 1 1 1 1 1]
true_edge_mask non zeros [1 1 1 1 1 1 1 1 1 1]
true_edge_mask non zeros [1 1 1 1 1 1 1 1 1 1]
true_edge_mask non zeros [1 1 1 1 1 1 1 1 1 1]
true_edge_mask non zeros [1 1 1 1 1 1 1 1 1 1]
true_edge_mask non zeros [1 1 1 1 1 1 1 1 1 1]
true_edge_mask non zeros [1 1 1 1 1 1 1 1 1 1]
true_edge_mask non zeros [1 1 1 1 1 1 1 1 1 1]
true_edge_mask non zeros [1 1 1 1 1 1 1 1 1 1]
true_edge_mask non zeros [1 1 1 1 1 1 1 1 1 1]
true_edge_mask non zeros [1 1 1 1 1 1 1 1 1 1]
true_edge_mask non zeros [1 1 1 1 1 1 1 1 1 1]
true_edge_mask non zeros [1 1 1 1 1 1 1 1 1 1]
true_edge_mask non zeros [1 1 1 1 1 1 1 1 1 1]
true_edge_mask non zeros [1 1 1 1 1 1 1 1 1 1]
true_edge_mask non zeros [1 1 1 1 1 1 1 1 1 1]
true_edge_mask non zeros [1 1 1 1 1 1 1 1 1 1]
true_edge_mask non zeros [1 1 1 1 1 1 1 1 1 1]
true_edge_mask non zeros [1 1 1 1 1 1 1 1 1 1]
true_edge_mask non zeros [1 1 1 1 1 1 1 1 1 1]
true_edge_mask non zeros [1 1 1 1 1 1 1 1 1 1]
true_edge_mask non zeros [1 1 1 1 1 1 1 1 1 1]
true_edge_mask non zeros [1 1 1 1 1 1 1 1 1 1]
true_edge_mask non zeros [1 1 1 1 1 1 1 1 1 1]
true_edge_mask non zeros [1 1 1 1 1 1 1 1 1 1]
true_edge_mask non zeros [1 1 1 1 1 1 1 1 1 1]
true_edge_mask non zeros [1 1 1 1 1 1 1 1 1 1]
true_edge_mask non zeros [1 1 1 1 1 1 1 1 1 1]
true_edge_mask non zeros [1 1 1 1 1 1 1 1 1 1]
true_edge_mask non zeros [1 1 1 1 1 1 1 1 1 1]
true_edge_mask non zeros [1 1 1 1 1 1 1 1 1 1]
true_edge_mask non zeros [1 1 1 1 1 1 1 1 1 1]
true_edge_mask non zeros [1 1 1 1 1 1 1 1 1 1]
true_edge_mask non zeros [1 1 1 1 1 1 1 1 1 1]
true_edge_mask non zeros [1 1 1 1 1 1 1 1 1 1]
true_edge_mask non zeros [1 1 1 1 1 1 1 1 1 1]
true_edge_mask non zeros [1 1 1 1 1 1 1 1 1 1]
true_edge_mask non zeros [1 1 1 1 1 1 1 1 1 1]
true_edge_mask non zeros [1 1 1 1 1 1 1 1 1 1]
true_edge_mask non zeros [1 1 1 1 1 1 1 1 1 1]
true_edge_mask non zeros [1 1 1 1 1 1 1 1 1 1]
true_edge_mask non zeros [1 1 1 1 1 1 1 1 1 1]
true_edge_mask non zeros [1 1 1 1 1 1 1 1 1 1]
true_edge_mask non zeros [1 1 1 1 1 1 1 1 1 1]
true_edge_mask non zeros [1 1 1 1 1 1 1 1 1 1]
true_edge_mask non zeros [1 1 1 1 1 1 1 1 1 1]
true_edge_mask non zeros [1 1 1 1 1 1 1 1 1 1]
true_edge_mask non zeros [1 1 1 1 1 1 1 1 1 1]
true_edge_mask non zeros [1 1 1 1 1 1 1 1 1 1]
true_edge_mask non zeros [1 1 1 1 1 1 1 1 1 1]
true_edge_mask non zeros [1 1 1 1 1 1 1 1 1 1]
true_edge_mask non zeros [1 1 1 1 1 1 1 1 1 1]
true_edge_mask non zeros [1 1 1 1 1 1 1 1 1 1]
true_edge_mask non zeros [1 1 1 1 1 1 1 1 1 1]
true_edge_mask non zeros [1 1 1 1 1 1 1 1 1 1]
true_edge_mask non zeros [1 1 1 1 1 1 1 1 1 1]
true_edge_mask non zeros [1 1 1 1 1 1 1 1 1 1]
true_edge_mask non zeros [1 1 1 1 1 1 1 1 1 1]
true_edge_mask non zeros [1 1 1 1 1 1 1 1 1 1]
true_edge_mask non zeros [1 1 1 1 1 1 1 1 1 1]
true_edge_mask non zeros [1 1 1 1 1 1 1 1 1 1]
true_edge_mask non zeros [1 1 1 1 1 1 1 1 1 1]
true_edge_mask non zeros [1 1 1 1 1 1 1 1 1 1]
true_edge_mask non zeros [1 1 1 1 1 1 1 1 1 1]
true_edge_mask non zeros [1 1 1 1 1 1 1 1 1 1]
true_edge_mask non zeros [1 1 1 1 1 1 1 1 1 1]
true_edge_mask non zeros [1 1 1 1 1 1 1 1 1 1]
true_edge_mask non zeros [1 1 1 1 1 1 1 1 1 1]
true_edge_mask non zeros [1 1 1 1 1 1 1 1 1 1]
true_edge_mask non zeros [1 1 1 1 1 1 1 1 1 1]
true_edge_mask non zeros [1 1 1 1 1 1 1 1 1 1]
true_edge_mask non zeros [1 1 1 1 1 1 1 1 1 1]
true_edge_mask non zeros [1 1 1 1 1 1 1 1 1 1]
true_edge_mask non zeros [1 1 1 1 1 1 1 1 1 1]
true_edge_mask non zeros [1 1 1 1 1 1 1 1 1 1]
true_edge_mask non zeros [1 1 1 1 1 1 1 1 1 1]
true_edge_mask non zeros [1 1 1 1 1 1 1 1 1 1]
true_edge_mask non zeros [1 1 1 1 1 1 1 1 1 1]
true_edge_mask non zeros [1 1 1 1 1 1 1 1 1 1]
true_edge_mask non zeros [1 1 1 1 1 1 1 1 1 1]
true_edge_mask non zeros [1 1 1 1 1 1 1 1 1 1]
true_edge_mask non zeros [1 1 1 1 1 1 1 1 1 1]
true_edge_mask non zeros [1 1 1 1 1 1 1 1 1 1]
true_edge_mask non zeros [1 1 1 1 1 1 1 1 1 1]
true_edge_mask non zeros [1 1 1 1 1 1 1 1 1 1]
true_edge_mask non zeros [1 1 1 1 1 1 1 1 1 1]
true_edge_mask non zeros [1 1 1 1 1 1 1 1 1 1]
true_edge_mask non zeros [1 1 1 1 1 1 1 1 1 1]
true_edge_mask non zeros [1 1 1 1 1 1 1 1 1 1]
true_edge_mask non zeros [1 1 1 1 1 1 1 1 1 1]
__accuracy:{"recall": 0.738, "precision": 0.8069999999999999, "f1_score": 0.7681111111111109, "ged": -1.0, "auc": -1.0}
__pred:{"ori_probs": 0.9494659304618835, "unimportant_probs": 0.37200140953063965, "important_probs": 0.9063857793807983}
__fidelity:{"fidelity_acc+": 0.63, "fidelity_acc-": 0.04, "fidelity_prob+": 0.5774646401405334, "fidelity_prob-": 0.04308025911450386, "mask_sparsity": 0.9976190328598022, "expl_edges": 9.4}
JOB_FINISHED
